[4177.823] DEBUG 23 [CodeGenerator] Task fileName=Tags, filePath=Assets/TroubleCatStudios/Noir.Autogenerated/Tags.cs, namespace=Noir.Autogenerated, hash=52BB564DC4B008E8F0131A77DD13B6FC86E39320A3C5DA53280446AEE2A29686, previousHash=, shouldWrite=True
[4177.825] DEBUG 23 [CodeGenerator] Task fileName=Layers, filePath=Assets/TroubleCatStudios/Noir.Autogenerated/Layers.cs, namespace=Noir.Autogenerated, hash=62584A87F69B65DCD66D198D332C91C503903254DBBA4D6618F92CD980BE129F, previousHash=, shouldWrite=True
[4177.827] DEBUG 23 [CodeGenerator] Task fileName=Scenes, filePath=Assets/TroubleCatStudios/Noir.Autogenerated/Scenes.cs, namespace=Noir.Autogenerated, hash=9311D3C5F9D1D800C18C5ED568179BF9E15B93C1750A5E80339253911F49F827, previousHash=, shouldWrite=True
[4177.836] DEBUG 23 [CodeGenerator] Task fileName=SortingLayers, filePath=Assets/TroubleCatStudios/Noir.Autogenerated/SortingLayers.cs, namespace=Noir.Autogenerated, hash=798F76590A5EA80F187411F89A5C1A2C7A9553DF8E25D22F01F0BD6796A45A46, previousHash=, shouldWrite=True
[4177.839] DEBUG 23 [CodeGenerator] Task fileName=Variables, filePath=Assets/TroubleCatStudios/Noir.Autogenerated/Variables.cs, namespace=Noir.Autogenerated, hash=E3B0C44298FC1C149AFBF4C8996FB92427AE41E4649B934CA495991B7852B855, previousHash=, shouldWrite=True
[4177.84] INFO 23 [DefaultCodeGenerationHandler] Start Time: 3/23/2025 7:41:24 AM
Duration: 0.0289371

[4192.351] DEBUG 23 [CodeGenerator] Task fileName=Tags, filePath=Assets/TroubleCatStudios/Noir.Autogenerated/Tags.cs, namespace=Noir.Autogenerated, hash=52BB564DC4B008E8F0131A77DD13B6FC86E39320A3C5DA53280446AEE2A29686, previousHash=52BB564DC4B008E8F0131A77DD13B6FC86E39320A3C5DA53280446AEE2A29686, shouldWrite=False
[4192.354] DEBUG 23 [CodeGenerator] Task fileName=Layers, filePath=Assets/TroubleCatStudios/Noir.Autogenerated/Layers.cs, namespace=Noir.Autogenerated, hash=62584A87F69B65DCD66D198D332C91C503903254DBBA4D6618F92CD980BE129F, previousHash=62584A87F69B65DCD66D198D332C91C503903254DBBA4D6618F92CD980BE129F, shouldWrite=False
[4192.355] DEBUG 23 [CodeGenerator] Task fileName=Scenes, filePath=Assets/TroubleCatStudios/Noir.Autogenerated/Scenes.cs, namespace=Noir.Autogenerated, hash=9311D3C5F9D1D800C18C5ED568179BF9E15B93C1750A5E80339253911F49F827, previousHash=9311D3C5F9D1D800C18C5ED568179BF9E15B93C1750A5E80339253911F49F827, shouldWrite=False
[4192.357] DEBUG 23 [CodeGenerator] Task fileName=SortingLayers, filePath=Assets/TroubleCatStudios/Noir.Autogenerated/SortingLayers.cs, namespace=Noir.Autogenerated, hash=798F76590A5EA80F187411F89A5C1A2C7A9553DF8E25D22F01F0BD6796A45A46, previousHash=798F76590A5EA80F187411F89A5C1A2C7A9553DF8E25D22F01F0BD6796A45A46, shouldWrite=False
[4192.36] DEBUG 23 [CodeGenerator] Task fileName=Variables, filePath=Assets/TroubleCatStudios/Noir.Autogenerated/Variables.cs, namespace=Noir.Autogenerated, hash=E3B0C44298FC1C149AFBF4C8996FB92427AE41E4649B934CA495991B7852B855, previousHash=E3B0C44298FC1C149AFBF4C8996FB92427AE41E4649B934CA495991B7852B855, shouldWrite=False
[4192.362] INFO 23 [DefaultCodeGenerationHandler] Start Time: 3/23/2025 7:41:39 AM
Duration: 0.0207242

[4284.255] DEBUG 67 [CodeGenerator] Task fileName=Tags, filePath=Assets/TroubleCatStudios/Noir.Autogenerated/Tags.cs, namespace=Noir.Autogenerated, hash=52BB564DC4B008E8F0131A77DD13B6FC86E39320A3C5DA53280446AEE2A29686, previousHash=52BB564DC4B008E8F0131A77DD13B6FC86E39320A3C5DA53280446AEE2A29686, shouldWrite=False
[4284.256] DEBUG 67 [CodeGenerator] Task fileName=Layers, filePath=Assets/TroubleCatStudios/Noir.Autogenerated/Layers.cs, namespace=Noir.Autogenerated, hash=62584A87F69B65DCD66D198D332C91C503903254DBBA4D6618F92CD980BE129F, previousHash=62584A87F69B65DCD66D198D332C91C503903254DBBA4D6618F92CD980BE129F, shouldWrite=False
[4284.257] DEBUG 67 [CodeGenerator] Task fileName=Scenes, filePath=Assets/TroubleCatStudios/Noir.Autogenerated/Scenes.cs, namespace=Noir.Autogenerated, hash=9311D3C5F9D1D800C18C5ED568179BF9E15B93C1750A5E80339253911F49F827, previousHash=9311D3C5F9D1D800C18C5ED568179BF9E15B93C1750A5E80339253911F49F827, shouldWrite=False
[4284.259] DEBUG 67 [CodeGenerator] Task fileName=SortingLayers, filePath=Assets/TroubleCatStudios/Noir.Autogenerated/SortingLayers.cs, namespace=Noir.Autogenerated, hash=798F76590A5EA80F187411F89A5C1A2C7A9553DF8E25D22F01F0BD6796A45A46, previousHash=798F76590A5EA80F187411F89A5C1A2C7A9553DF8E25D22F01F0BD6796A45A46, shouldWrite=False
[4284.261] DEBUG 67 [CodeGenerator] Task fileName=Variables, filePath=Assets/TroubleCatStudios/Noir.Autogenerated/Variables.cs, namespace=Noir.Autogenerated, hash=E3B0C44298FC1C149AFBF4C8996FB92427AE41E4649B934CA495991B7852B855, previousHash=E3B0C44298FC1C149AFBF4C8996FB92427AE41E4649B934CA495991B7852B855, shouldWrite=False
[4284.263] INFO 67 [DefaultCodeGenerationHandler] Start Time: 3/23/2025 7:43:11 AM
Duration: 0.0164664

[4314.917] DEBUG 68 [CodeGenerator] Task fileName=Tags, filePath=Assets/TroubleCatStudios/Noir.Autogenerated/Tags.cs, namespace=Noir.Autogenerated, hash=52BB564DC4B008E8F0131A77DD13B6FC86E39320A3C5DA53280446AEE2A29686, previousHash=52BB564DC4B008E8F0131A77DD13B6FC86E39320A3C5DA53280446AEE2A29686, shouldWrite=False
[4314.918] DEBUG 68 [CodeGenerator] Task fileName=Layers, filePath=Assets/TroubleCatStudios/Noir.Autogenerated/Layers.cs, namespace=Noir.Autogenerated, hash=62584A87F69B65DCD66D198D332C91C503903254DBBA4D6618F92CD980BE129F, previousHash=62584A87F69B65DCD66D198D332C91C503903254DBBA4D6618F92CD980BE129F, shouldWrite=False
[4314.919] DEBUG 68 [CodeGenerator] Task fileName=Scenes, filePath=Assets/TroubleCatStudios/Noir.Autogenerated/Scenes.cs, namespace=Noir.Autogenerated, hash=9311D3C5F9D1D800C18C5ED568179BF9E15B93C1750A5E80339253911F49F827, previousHash=9311D3C5F9D1D800C18C5ED568179BF9E15B93C1750A5E80339253911F49F827, shouldWrite=False
[4314.921] DEBUG 68 [CodeGenerator] Task fileName=SortingLayers, filePath=Assets/TroubleCatStudios/Noir.Autogenerated/SortingLayers.cs, namespace=Noir.Autogenerated, hash=798F76590A5EA80F187411F89A5C1A2C7A9553DF8E25D22F01F0BD6796A45A46, previousHash=798F76590A5EA80F187411F89A5C1A2C7A9553DF8E25D22F01F0BD6796A45A46, shouldWrite=False
[4314.923] DEBUG 68 [CodeGenerator] Task fileName=Variables, filePath=Assets/TroubleCatStudios/Noir.Autogenerated/Variables.cs, namespace=Noir.Autogenerated, hash=E3B0C44298FC1C149AFBF4C8996FB92427AE41E4649B934CA495991B7852B855, previousHash=E3B0C44298FC1C149AFBF4C8996FB92427AE41E4649B934CA495991B7852B855, shouldWrite=False
[4314.925] INFO 68 [DefaultCodeGenerationHandler] Start Time: 3/23/2025 7:43:41 AM
Duration: 0.0160637

[4386.141] DEBUG 68 [CodeGenerator] Task fileName=Tags, filePath=Assets/TroubleCatStudios/Noir.Autogenerated/Tags.cs, namespace=Noir.Autogenerated, hash=52BB564DC4B008E8F0131A77DD13B6FC86E39320A3C5DA53280446AEE2A29686, previousHash=52BB564DC4B008E8F0131A77DD13B6FC86E39320A3C5DA53280446AEE2A29686, shouldWrite=False
[4386.142] DEBUG 68 [CodeGenerator] Task fileName=Layers, filePath=Assets/TroubleCatStudios/Noir.Autogenerated/Layers.cs, namespace=Noir.Autogenerated, hash=62584A87F69B65DCD66D198D332C91C503903254DBBA4D6618F92CD980BE129F, previousHash=62584A87F69B65DCD66D198D332C91C503903254DBBA4D6618F92CD980BE129F, shouldWrite=False
[4386.144] DEBUG 68 [CodeGenerator] Task fileName=Scenes, filePath=Assets/TroubleCatStudios/Noir.Autogenerated/Scenes.cs, namespace=Noir.Autogenerated, hash=9311D3C5F9D1D800C18C5ED568179BF9E15B93C1750A5E80339253911F49F827, previousHash=9311D3C5F9D1D800C18C5ED568179BF9E15B93C1750A5E80339253911F49F827, shouldWrite=False
[4386.145] DEBUG 68 [CodeGenerator] Task fileName=SortingLayers, filePath=Assets/TroubleCatStudios/Noir.Autogenerated/SortingLayers.cs, namespace=Noir.Autogenerated, hash=798F76590A5EA80F187411F89A5C1A2C7A9553DF8E25D22F01F0BD6796A45A46, previousHash=798F76590A5EA80F187411F89A5C1A2C7A9553DF8E25D22F01F0BD6796A45A46, shouldWrite=False
[4386.147] DEBUG 68 [CodeGenerator] Task fileName=Variables, filePath=Assets/TroubleCatStudios/Noir.Autogenerated/Variables.cs, namespace=Noir.Autogenerated, hash=E3B0C44298FC1C149AFBF4C8996FB92427AE41E4649B934CA495991B7852B855, previousHash=E3B0C44298FC1C149AFBF4C8996FB92427AE41E4649B934CA495991B7852B855, shouldWrite=False
[4386.149] INFO 68 [DefaultCodeGenerationHandler] Start Time: 3/23/2025 7:44:53 AM
Duration: 0.0191959

[4407.342] DEBUG 68 [CodeGenerator] Task fileName=Tags, filePath=Assets/TroubleCatStudios/Noir.Autogenerated/Tags.cs, namespace=Noir.Autogenerated, hash=52BB564DC4B008E8F0131A77DD13B6FC86E39320A3C5DA53280446AEE2A29686, previousHash=52BB564DC4B008E8F0131A77DD13B6FC86E39320A3C5DA53280446AEE2A29686, shouldWrite=False
[4407.344] DEBUG 68 [CodeGenerator] Task fileName=Layers, filePath=Assets/TroubleCatStudios/Noir.Autogenerated/Layers.cs, namespace=Noir.Autogenerated, hash=62584A87F69B65DCD66D198D332C91C503903254DBBA4D6618F92CD980BE129F, previousHash=62584A87F69B65DCD66D198D332C91C503903254DBBA4D6618F92CD980BE129F, shouldWrite=False
[4407.345] DEBUG 68 [CodeGenerator] Task fileName=Scenes, filePath=Assets/TroubleCatStudios/Noir.Autogenerated/Scenes.cs, namespace=Noir.Autogenerated, hash=9311D3C5F9D1D800C18C5ED568179BF9E15B93C1750A5E80339253911F49F827, previousHash=9311D3C5F9D1D800C18C5ED568179BF9E15B93C1750A5E80339253911F49F827, shouldWrite=False
[4407.347] DEBUG 68 [CodeGenerator] Task fileName=SortingLayers, filePath=Assets/TroubleCatStudios/Noir.Autogenerated/SortingLayers.cs, namespace=Noir.Autogenerated, hash=798F76590A5EA80F187411F89A5C1A2C7A9553DF8E25D22F01F0BD6796A45A46, previousHash=798F76590A5EA80F187411F89A5C1A2C7A9553DF8E25D22F01F0BD6796A45A46, shouldWrite=False
[4407.35] DEBUG 68 [CodeGenerator] Task fileName=Variables, filePath=Assets/TroubleCatStudios/Noir.Autogenerated/Variables.cs, namespace=Noir.Autogenerated, hash=E3B0C44298FC1C149AFBF4C8996FB92427AE41E4649B934CA495991B7852B855, previousHash=E3B0C44298FC1C149AFBF4C8996FB92427AE41E4649B934CA495991B7852B855, shouldWrite=False
[4407.351] INFO 68 [DefaultCodeGenerationHandler] Start Time: 3/23/2025 7:45:14 AM
Duration: 0.0194184

[4486.62] DEBUG 68 [CodeGenerator] Task fileName=Tags, filePath=Assets/TroubleCatStudios/Noir.Autogenerated/Tags.cs, namespace=Noir.Autogenerated, hash=52BB564DC4B008E8F0131A77DD13B6FC86E39320A3C5DA53280446AEE2A29686, previousHash=52BB564DC4B008E8F0131A77DD13B6FC86E39320A3C5DA53280446AEE2A29686, shouldWrite=False
[4486.621] DEBUG 68 [CodeGenerator] Task fileName=Layers, filePath=Assets/TroubleCatStudios/Noir.Autogenerated/Layers.cs, namespace=Noir.Autogenerated, hash=62584A87F69B65DCD66D198D332C91C503903254DBBA4D6618F92CD980BE129F, previousHash=62584A87F69B65DCD66D198D332C91C503903254DBBA4D6618F92CD980BE129F, shouldWrite=False
[4486.623] DEBUG 68 [CodeGenerator] Task fileName=Scenes, filePath=Assets/TroubleCatStudios/Noir.Autogenerated/Scenes.cs, namespace=Noir.Autogenerated, hash=9311D3C5F9D1D800C18C5ED568179BF9E15B93C1750A5E80339253911F49F827, previousHash=9311D3C5F9D1D800C18C5ED568179BF9E15B93C1750A5E80339253911F49F827, shouldWrite=False
[4486.624] DEBUG 68 [CodeGenerator] Task fileName=SortingLayers, filePath=Assets/TroubleCatStudios/Noir.Autogenerated/SortingLayers.cs, namespace=Noir.Autogenerated, hash=798F76590A5EA80F187411F89A5C1A2C7A9553DF8E25D22F01F0BD6796A45A46, previousHash=798F76590A5EA80F187411F89A5C1A2C7A9553DF8E25D22F01F0BD6796A45A46, shouldWrite=False
[4486.626] DEBUG 68 [CodeGenerator] Task fileName=Variables, filePath=Assets/TroubleCatStudios/Noir.Autogenerated/Variables.cs, namespace=Noir.Autogenerated, hash=E3B0C44298FC1C149AFBF4C8996FB92427AE41E4649B934CA495991B7852B855, previousHash=E3B0C44298FC1C149AFBF4C8996FB92427AE41E4649B934CA495991B7852B855, shouldWrite=False
[4486.628] INFO 68 [DefaultCodeGenerationHandler] Start Time: 3/23/2025 7:46:33 AM
Duration: 0.0177594

[4850.915] DEBUG 68 [CodeGenerator] Task fileName=Tags, filePath=Assets/TroubleCatStudios/Noir.Autogenerated/Tags.cs, namespace=Noir.Autogenerated, hash=52BB564DC4B008E8F0131A77DD13B6FC86E39320A3C5DA53280446AEE2A29686, previousHash=52BB564DC4B008E8F0131A77DD13B6FC86E39320A3C5DA53280446AEE2A29686, shouldWrite=False
[4850.916] DEBUG 68 [CodeGenerator] Task fileName=Layers, filePath=Assets/TroubleCatStudios/Noir.Autogenerated/Layers.cs, namespace=Noir.Autogenerated, hash=62584A87F69B65DCD66D198D332C91C503903254DBBA4D6618F92CD980BE129F, previousHash=62584A87F69B65DCD66D198D332C91C503903254DBBA4D6618F92CD980BE129F, shouldWrite=False
[4850.917] DEBUG 68 [CodeGenerator] Task fileName=Scenes, filePath=Assets/TroubleCatStudios/Noir.Autogenerated/Scenes.cs, namespace=Noir.Autogenerated, hash=9311D3C5F9D1D800C18C5ED568179BF9E15B93C1750A5E80339253911F49F827, previousHash=9311D3C5F9D1D800C18C5ED568179BF9E15B93C1750A5E80339253911F49F827, shouldWrite=False
[4850.919] DEBUG 68 [CodeGenerator] Task fileName=SortingLayers, filePath=Assets/TroubleCatStudios/Noir.Autogenerated/SortingLayers.cs, namespace=Noir.Autogenerated, hash=798F76590A5EA80F187411F89A5C1A2C7A9553DF8E25D22F01F0BD6796A45A46, previousHash=798F76590A5EA80F187411F89A5C1A2C7A9553DF8E25D22F01F0BD6796A45A46, shouldWrite=False
[4850.921] DEBUG 68 [CodeGenerator] Task fileName=Variables, filePath=Assets/TroubleCatStudios/Noir.Autogenerated/Variables.cs, namespace=Noir.Autogenerated, hash=E3B0C44298FC1C149AFBF4C8996FB92427AE41E4649B934CA495991B7852B855, previousHash=E3B0C44298FC1C149AFBF4C8996FB92427AE41E4649B934CA495991B7852B855, shouldWrite=False
[4850.923] INFO 68 [DefaultCodeGenerationHandler] Start Time: 3/23/2025 7:52:37 AM
Duration: 0.0186511

[4886.857] DEBUG 68 [CodeGenerator] Task fileName=Tags, filePath=Assets/TroubleCatStudios/Noir.Autogenerated/Tags.cs, namespace=Noir.Autogenerated, hash=52BB564DC4B008E8F0131A77DD13B6FC86E39320A3C5DA53280446AEE2A29686, previousHash=52BB564DC4B008E8F0131A77DD13B6FC86E39320A3C5DA53280446AEE2A29686, shouldWrite=False
[4886.858] DEBUG 68 [CodeGenerator] Task fileName=Layers, filePath=Assets/TroubleCatStudios/Noir.Autogenerated/Layers.cs, namespace=Noir.Autogenerated, hash=62584A87F69B65DCD66D198D332C91C503903254DBBA4D6618F92CD980BE129F, previousHash=62584A87F69B65DCD66D198D332C91C503903254DBBA4D6618F92CD980BE129F, shouldWrite=False
[4886.86] DEBUG 68 [CodeGenerator] Task fileName=Scenes, filePath=Assets/TroubleCatStudios/Noir.Autogenerated/Scenes.cs, namespace=Noir.Autogenerated, hash=9311D3C5F9D1D800C18C5ED568179BF9E15B93C1750A5E80339253911F49F827, previousHash=9311D3C5F9D1D800C18C5ED568179BF9E15B93C1750A5E80339253911F49F827, shouldWrite=False
[4886.862] DEBUG 68 [CodeGenerator] Task fileName=SortingLayers, filePath=Assets/TroubleCatStudios/Noir.Autogenerated/SortingLayers.cs, namespace=Noir.Autogenerated, hash=798F76590A5EA80F187411F89A5C1A2C7A9553DF8E25D22F01F0BD6796A45A46, previousHash=798F76590A5EA80F187411F89A5C1A2C7A9553DF8E25D22F01F0BD6796A45A46, shouldWrite=False
[4886.864] DEBUG 68 [CodeGenerator] Task fileName=Variables, filePath=Assets/TroubleCatStudios/Noir.Autogenerated/Variables.cs, namespace=Noir.Autogenerated, hash=E3B0C44298FC1C149AFBF4C8996FB92427AE41E4649B934CA495991B7852B855, previousHash=E3B0C44298FC1C149AFBF4C8996FB92427AE41E4649B934CA495991B7852B855, shouldWrite=False
[4886.865] INFO 68 [DefaultCodeGenerationHandler] Start Time: 3/23/2025 7:53:13 AM
Duration: 0.0181271

[4968.785] DEBUG 68 [CodeGenerator] Task fileName=Tags, filePath=Assets/TroubleCatStudios/Noir.Autogenerated/Tags.cs, namespace=Noir.Autogenerated, hash=52BB564DC4B008E8F0131A77DD13B6FC86E39320A3C5DA53280446AEE2A29686, previousHash=52BB564DC4B008E8F0131A77DD13B6FC86E39320A3C5DA53280446AEE2A29686, shouldWrite=False
[4968.786] DEBUG 68 [CodeGenerator] Task fileName=Layers, filePath=Assets/TroubleCatStudios/Noir.Autogenerated/Layers.cs, namespace=Noir.Autogenerated, hash=62584A87F69B65DCD66D198D332C91C503903254DBBA4D6618F92CD980BE129F, previousHash=62584A87F69B65DCD66D198D332C91C503903254DBBA4D6618F92CD980BE129F, shouldWrite=False
[4968.788] DEBUG 68 [CodeGenerator] Task fileName=Scenes, filePath=Assets/TroubleCatStudios/Noir.Autogenerated/Scenes.cs, namespace=Noir.Autogenerated, hash=9311D3C5F9D1D800C18C5ED568179BF9E15B93C1750A5E80339253911F49F827, previousHash=9311D3C5F9D1D800C18C5ED568179BF9E15B93C1750A5E80339253911F49F827, shouldWrite=False
[4968.79] DEBUG 68 [CodeGenerator] Task fileName=SortingLayers, filePath=Assets/TroubleCatStudios/Noir.Autogenerated/SortingLayers.cs, namespace=Noir.Autogenerated, hash=798F76590A5EA80F187411F89A5C1A2C7A9553DF8E25D22F01F0BD6796A45A46, previousHash=798F76590A5EA80F187411F89A5C1A2C7A9553DF8E25D22F01F0BD6796A45A46, shouldWrite=False
[4968.792] DEBUG 68 [CodeGenerator] Task fileName=Variables, filePath=Assets/TroubleCatStudios/Noir.Autogenerated/Variables.cs, namespace=Noir.Autogenerated, hash=E3B0C44298FC1C149AFBF4C8996FB92427AE41E4649B934CA495991B7852B855, previousHash=E3B0C44298FC1C149AFBF4C8996FB92427AE41E4649B934CA495991B7852B855, shouldWrite=False
[4968.793] INFO 68 [DefaultCodeGenerationHandler] Start Time: 3/23/2025 7:54:35 AM
Duration: 0.0182026

[5002.292] DEBUG 68 [CodeGenerator] Task fileName=Tags, filePath=Assets/TroubleCatStudios/Noir.Autogenerated/Tags.cs, namespace=Noir.Autogenerated, hash=52BB564DC4B008E8F0131A77DD13B6FC86E39320A3C5DA53280446AEE2A29686, previousHash=52BB564DC4B008E8F0131A77DD13B6FC86E39320A3C5DA53280446AEE2A29686, shouldWrite=False
[5002.293] DEBUG 68 [CodeGenerator] Task fileName=Layers, filePath=Assets/TroubleCatStudios/Noir.Autogenerated/Layers.cs, namespace=Noir.Autogenerated, hash=62584A87F69B65DCD66D198D332C91C503903254DBBA4D6618F92CD980BE129F, previousHash=62584A87F69B65DCD66D198D332C91C503903254DBBA4D6618F92CD980BE129F, shouldWrite=False
[5002.294] DEBUG 68 [CodeGenerator] Task fileName=Scenes, filePath=Assets/TroubleCatStudios/Noir.Autogenerated/Scenes.cs, namespace=Noir.Autogenerated, hash=9311D3C5F9D1D800C18C5ED568179BF9E15B93C1750A5E80339253911F49F827, previousHash=9311D3C5F9D1D800C18C5ED568179BF9E15B93C1750A5E80339253911F49F827, shouldWrite=False
[5002.297] DEBUG 68 [CodeGenerator] Task fileName=SortingLayers, filePath=Assets/TroubleCatStudios/Noir.Autogenerated/SortingLayers.cs, namespace=Noir.Autogenerated, hash=798F76590A5EA80F187411F89A5C1A2C7A9553DF8E25D22F01F0BD6796A45A46, previousHash=798F76590A5EA80F187411F89A5C1A2C7A9553DF8E25D22F01F0BD6796A45A46, shouldWrite=False
[5002.299] DEBUG 68 [CodeGenerator] Task fileName=Variables, filePath=Assets/TroubleCatStudios/Noir.Autogenerated/Variables.cs, namespace=Noir.Autogenerated, hash=E3B0C44298FC1C149AFBF4C8996FB92427AE41E4649B934CA495991B7852B855, previousHash=E3B0C44298FC1C149AFBF4C8996FB92427AE41E4649B934CA495991B7852B855, shouldWrite=False
[5002.301] INFO 68 [DefaultCodeGenerationHandler] Start Time: 3/23/2025 7:55:09 AM
Duration: 0.0196912

[5021.224] DEBUG 68 [CodeGenerator] Task fileName=Tags, filePath=Assets/TroubleCatStudios/Noir.Autogenerated/Tags.cs, namespace=Noir.Autogenerated, hash=52BB564DC4B008E8F0131A77DD13B6FC86E39320A3C5DA53280446AEE2A29686, previousHash=52BB564DC4B008E8F0131A77DD13B6FC86E39320A3C5DA53280446AEE2A29686, shouldWrite=False
[5021.225] DEBUG 68 [CodeGenerator] Task fileName=Layers, filePath=Assets/TroubleCatStudios/Noir.Autogenerated/Layers.cs, namespace=Noir.Autogenerated, hash=62584A87F69B65DCD66D198D332C91C503903254DBBA4D6618F92CD980BE129F, previousHash=62584A87F69B65DCD66D198D332C91C503903254DBBA4D6618F92CD980BE129F, shouldWrite=False
[5021.227] DEBUG 68 [CodeGenerator] Task fileName=Scenes, filePath=Assets/TroubleCatStudios/Noir.Autogenerated/Scenes.cs, namespace=Noir.Autogenerated, hash=9311D3C5F9D1D800C18C5ED568179BF9E15B93C1750A5E80339253911F49F827, previousHash=9311D3C5F9D1D800C18C5ED568179BF9E15B93C1750A5E80339253911F49F827, shouldWrite=False
[5021.228] DEBUG 68 [CodeGenerator] Task fileName=SortingLayers, filePath=Assets/TroubleCatStudios/Noir.Autogenerated/SortingLayers.cs, namespace=Noir.Autogenerated, hash=798F76590A5EA80F187411F89A5C1A2C7A9553DF8E25D22F01F0BD6796A45A46, previousHash=798F76590A5EA80F187411F89A5C1A2C7A9553DF8E25D22F01F0BD6796A45A46, shouldWrite=False
[5021.23] DEBUG 68 [CodeGenerator] Task fileName=Variables, filePath=Assets/TroubleCatStudios/Noir.Autogenerated/Variables.cs, namespace=Noir.Autogenerated, hash=E3B0C44298FC1C149AFBF4C8996FB92427AE41E4649B934CA495991B7852B855, previousHash=E3B0C44298FC1C149AFBF4C8996FB92427AE41E4649B934CA495991B7852B855, shouldWrite=False
[5021.232] INFO 68 [DefaultCodeGenerationHandler] Start Time: 3/23/2025 7:55:28 AM
Duration: 0.0180895

[6859.353] DEBUG 68 [CodeGenerator] Task fileName=Tags, filePath=Assets/TroubleCatStudios/Noir.Autogenerated/Tags.cs, namespace=Noir.Autogenerated, hash=52BB564DC4B008E8F0131A77DD13B6FC86E39320A3C5DA53280446AEE2A29686, previousHash=52BB564DC4B008E8F0131A77DD13B6FC86E39320A3C5DA53280446AEE2A29686, shouldWrite=False
[6859.354] DEBUG 68 [CodeGenerator] Task fileName=Layers, filePath=Assets/TroubleCatStudios/Noir.Autogenerated/Layers.cs, namespace=Noir.Autogenerated, hash=62584A87F69B65DCD66D198D332C91C503903254DBBA4D6618F92CD980BE129F, previousHash=62584A87F69B65DCD66D198D332C91C503903254DBBA4D6618F92CD980BE129F, shouldWrite=False
[6859.356] DEBUG 68 [CodeGenerator] Task fileName=Scenes, filePath=Assets/TroubleCatStudios/Noir.Autogenerated/Scenes.cs, namespace=Noir.Autogenerated, hash=9311D3C5F9D1D800C18C5ED568179BF9E15B93C1750A5E80339253911F49F827, previousHash=9311D3C5F9D1D800C18C5ED568179BF9E15B93C1750A5E80339253911F49F827, shouldWrite=False
[6859.358] DEBUG 68 [CodeGenerator] Task fileName=SortingLayers, filePath=Assets/TroubleCatStudios/Noir.Autogenerated/SortingLayers.cs, namespace=Noir.Autogenerated, hash=798F76590A5EA80F187411F89A5C1A2C7A9553DF8E25D22F01F0BD6796A45A46, previousHash=798F76590A5EA80F187411F89A5C1A2C7A9553DF8E25D22F01F0BD6796A45A46, shouldWrite=False
[6859.36] DEBUG 68 [CodeGenerator] Task fileName=Variables, filePath=Assets/TroubleCatStudios/Noir.Autogenerated/Variables.cs, namespace=Noir.Autogenerated, hash=E3B0C44298FC1C149AFBF4C8996FB92427AE41E4649B934CA495991B7852B855, previousHash=E3B0C44298FC1C149AFBF4C8996FB92427AE41E4649B934CA495991B7852B855, shouldWrite=False
[6859.362] INFO 68 [DefaultCodeGenerationHandler] Start Time: 3/23/2025 8:26:06 AM
Duration: 0.0192628

[7266.758] DEBUG 73 [CodeGenerator] Task fileName=Tags, filePath=Assets/TroubleCatStudios/Noir.Autogenerated/Tags.cs, namespace=Noir.Autogenerated, hash=52BB564DC4B008E8F0131A77DD13B6FC86E39320A3C5DA53280446AEE2A29686, previousHash=52BB564DC4B008E8F0131A77DD13B6FC86E39320A3C5DA53280446AEE2A29686, shouldWrite=False
[7266.76] DEBUG 73 [CodeGenerator] Task fileName=Layers, filePath=Assets/TroubleCatStudios/Noir.Autogenerated/Layers.cs, namespace=Noir.Autogenerated, hash=62584A87F69B65DCD66D198D332C91C503903254DBBA4D6618F92CD980BE129F, previousHash=62584A87F69B65DCD66D198D332C91C503903254DBBA4D6618F92CD980BE129F, shouldWrite=False
[7266.761] DEBUG 73 [CodeGenerator] Task fileName=Scenes, filePath=Assets/TroubleCatStudios/Noir.Autogenerated/Scenes.cs, namespace=Noir.Autogenerated, hash=9311D3C5F9D1D800C18C5ED568179BF9E15B93C1750A5E80339253911F49F827, previousHash=9311D3C5F9D1D800C18C5ED568179BF9E15B93C1750A5E80339253911F49F827, shouldWrite=False
[7266.763] DEBUG 73 [CodeGenerator] Task fileName=SortingLayers, filePath=Assets/TroubleCatStudios/Noir.Autogenerated/SortingLayers.cs, namespace=Noir.Autogenerated, hash=798F76590A5EA80F187411F89A5C1A2C7A9553DF8E25D22F01F0BD6796A45A46, previousHash=798F76590A5EA80F187411F89A5C1A2C7A9553DF8E25D22F01F0BD6796A45A46, shouldWrite=False
[7266.765] DEBUG 73 [CodeGenerator] Task fileName=Variables, filePath=Assets/TroubleCatStudios/Noir.Autogenerated/Variables.cs, namespace=Noir.Autogenerated, hash=E3B0C44298FC1C149AFBF4C8996FB92427AE41E4649B934CA495991B7852B855, previousHash=E3B0C44298FC1C149AFBF4C8996FB92427AE41E4649B934CA495991B7852B855, shouldWrite=False
[7266.767] INFO 73 [DefaultCodeGenerationHandler] Start Time: 3/23/2025 8:32:53 AM
Duration: 0.0188104

[7322.059] DEBUG 80 [CodeGenerator] Task fileName=Tags, filePath=Assets/TroubleCatStudios/Noir.Autogenerated/Tags.cs, namespace=Noir.Autogenerated, hash=52BB564DC4B008E8F0131A77DD13B6FC86E39320A3C5DA53280446AEE2A29686, previousHash=52BB564DC4B008E8F0131A77DD13B6FC86E39320A3C5DA53280446AEE2A29686, shouldWrite=False
[7322.061] DEBUG 80 [CodeGenerator] Task fileName=Layers, filePath=Assets/TroubleCatStudios/Noir.Autogenerated/Layers.cs, namespace=Noir.Autogenerated, hash=62584A87F69B65DCD66D198D332C91C503903254DBBA4D6618F92CD980BE129F, previousHash=62584A87F69B65DCD66D198D332C91C503903254DBBA4D6618F92CD980BE129F, shouldWrite=False
[7322.062] DEBUG 80 [CodeGenerator] Task fileName=Scenes, filePath=Assets/TroubleCatStudios/Noir.Autogenerated/Scenes.cs, namespace=Noir.Autogenerated, hash=9311D3C5F9D1D800C18C5ED568179BF9E15B93C1750A5E80339253911F49F827, previousHash=9311D3C5F9D1D800C18C5ED568179BF9E15B93C1750A5E80339253911F49F827, shouldWrite=False
[7322.064] DEBUG 80 [CodeGenerator] Task fileName=SortingLayers, filePath=Assets/TroubleCatStudios/Noir.Autogenerated/SortingLayers.cs, namespace=Noir.Autogenerated, hash=798F76590A5EA80F187411F89A5C1A2C7A9553DF8E25D22F01F0BD6796A45A46, previousHash=798F76590A5EA80F187411F89A5C1A2C7A9553DF8E25D22F01F0BD6796A45A46, shouldWrite=False
[7322.066] DEBUG 80 [CodeGenerator] Task fileName=Variables, filePath=Assets/TroubleCatStudios/Noir.Autogenerated/Variables.cs, namespace=Noir.Autogenerated, hash=E3B0C44298FC1C149AFBF4C8996FB92427AE41E4649B934CA495991B7852B855, previousHash=E3B0C44298FC1C149AFBF4C8996FB92427AE41E4649B934CA495991B7852B855, shouldWrite=False
[7322.068] INFO 80 [DefaultCodeGenerationHandler] Start Time: 3/23/2025 8:33:49 AM
Duration: 0.0187518

[7439.772] DEBUG 163 [CodeGenerator] Task fileName=Tags, filePath=Assets/TroubleCatStudios/Noir.Autogenerated/Tags.cs, namespace=Noir.Autogenerated, hash=52BB564DC4B008E8F0131A77DD13B6FC86E39320A3C5DA53280446AEE2A29686, previousHash=52BB564DC4B008E8F0131A77DD13B6FC86E39320A3C5DA53280446AEE2A29686, shouldWrite=False
[7439.773] DEBUG 163 [CodeGenerator] Task fileName=Layers, filePath=Assets/TroubleCatStudios/Noir.Autogenerated/Layers.cs, namespace=Noir.Autogenerated, hash=62584A87F69B65DCD66D198D332C91C503903254DBBA4D6618F92CD980BE129F, previousHash=62584A87F69B65DCD66D198D332C91C503903254DBBA4D6618F92CD980BE129F, shouldWrite=False
[7439.775] DEBUG 163 [CodeGenerator] Task fileName=Scenes, filePath=Assets/TroubleCatStudios/Noir.Autogenerated/Scenes.cs, namespace=Noir.Autogenerated, hash=9311D3C5F9D1D800C18C5ED568179BF9E15B93C1750A5E80339253911F49F827, previousHash=9311D3C5F9D1D800C18C5ED568179BF9E15B93C1750A5E80339253911F49F827, shouldWrite=False
[7439.777] DEBUG 163 [CodeGenerator] Task fileName=SortingLayers, filePath=Assets/TroubleCatStudios/Noir.Autogenerated/SortingLayers.cs, namespace=Noir.Autogenerated, hash=798F76590A5EA80F187411F89A5C1A2C7A9553DF8E25D22F01F0BD6796A45A46, previousHash=798F76590A5EA80F187411F89A5C1A2C7A9553DF8E25D22F01F0BD6796A45A46, shouldWrite=False
[7439.779] DEBUG 163 [CodeGenerator] Task fileName=Variables, filePath=Assets/TroubleCatStudios/Noir.Autogenerated/Variables.cs, namespace=Noir.Autogenerated, hash=E3B0C44298FC1C149AFBF4C8996FB92427AE41E4649B934CA495991B7852B855, previousHash=E3B0C44298FC1C149AFBF4C8996FB92427AE41E4649B934CA495991B7852B855, shouldWrite=False
[7439.781] INFO 163 [DefaultCodeGenerationHandler] Start Time: 3/23/2025 8:35:46 AM
Duration: 0.0170336

[7821.158] DEBUG 171 [CodeGenerator] Task fileName=Tags, filePath=Assets/TroubleCatStudios/Noir.Autogenerated/Tags.cs, namespace=Noir.Autogenerated, hash=52BB564DC4B008E8F0131A77DD13B6FC86E39320A3C5DA53280446AEE2A29686, previousHash=52BB564DC4B008E8F0131A77DD13B6FC86E39320A3C5DA53280446AEE2A29686, shouldWrite=False
[7821.16] DEBUG 171 [CodeGenerator] Task fileName=Layers, filePath=Assets/TroubleCatStudios/Noir.Autogenerated/Layers.cs, namespace=Noir.Autogenerated, hash=62584A87F69B65DCD66D198D332C91C503903254DBBA4D6618F92CD980BE129F, previousHash=62584A87F69B65DCD66D198D332C91C503903254DBBA4D6618F92CD980BE129F, shouldWrite=False
[7821.161] DEBUG 171 [CodeGenerator] Task fileName=Scenes, filePath=Assets/TroubleCatStudios/Noir.Autogenerated/Scenes.cs, namespace=Noir.Autogenerated, hash=9311D3C5F9D1D800C18C5ED568179BF9E15B93C1750A5E80339253911F49F827, previousHash=9311D3C5F9D1D800C18C5ED568179BF9E15B93C1750A5E80339253911F49F827, shouldWrite=False
[7821.163] DEBUG 171 [CodeGenerator] Task fileName=SortingLayers, filePath=Assets/TroubleCatStudios/Noir.Autogenerated/SortingLayers.cs, namespace=Noir.Autogenerated, hash=798F76590A5EA80F187411F89A5C1A2C7A9553DF8E25D22F01F0BD6796A45A46, previousHash=798F76590A5EA80F187411F89A5C1A2C7A9553DF8E25D22F01F0BD6796A45A46, shouldWrite=False
[7821.165] DEBUG 171 [CodeGenerator] Task fileName=Variables, filePath=Assets/TroubleCatStudios/Noir.Autogenerated/Variables.cs, namespace=Noir.Autogenerated, hash=E3B0C44298FC1C149AFBF4C8996FB92427AE41E4649B934CA495991B7852B855, previousHash=E3B0C44298FC1C149AFBF4C8996FB92427AE41E4649B934CA495991B7852B855, shouldWrite=False
[7821.167] INFO 171 [DefaultCodeGenerationHandler] Start Time: 3/23/2025 8:42:08 AM
Duration: 0.018493

[7865.617] DEBUG 171 [CodeGenerator] Task fileName=Tags, filePath=Assets/TroubleCatStudios/Noir.Autogenerated/Tags.cs, namespace=Noir.Autogenerated, hash=52BB564DC4B008E8F0131A77DD13B6FC86E39320A3C5DA53280446AEE2A29686, previousHash=52BB564DC4B008E8F0131A77DD13B6FC86E39320A3C5DA53280446AEE2A29686, shouldWrite=False
[7865.619] DEBUG 171 [CodeGenerator] Task fileName=Layers, filePath=Assets/TroubleCatStudios/Noir.Autogenerated/Layers.cs, namespace=Noir.Autogenerated, hash=62584A87F69B65DCD66D198D332C91C503903254DBBA4D6618F92CD980BE129F, previousHash=62584A87F69B65DCD66D198D332C91C503903254DBBA4D6618F92CD980BE129F, shouldWrite=False
[7865.62] DEBUG 171 [CodeGenerator] Task fileName=Scenes, filePath=Assets/TroubleCatStudios/Noir.Autogenerated/Scenes.cs, namespace=Noir.Autogenerated, hash=9311D3C5F9D1D800C18C5ED568179BF9E15B93C1750A5E80339253911F49F827, previousHash=9311D3C5F9D1D800C18C5ED568179BF9E15B93C1750A5E80339253911F49F827, shouldWrite=False
[7865.622] DEBUG 171 [CodeGenerator] Task fileName=SortingLayers, filePath=Assets/TroubleCatStudios/Noir.Autogenerated/SortingLayers.cs, namespace=Noir.Autogenerated, hash=798F76590A5EA80F187411F89A5C1A2C7A9553DF8E25D22F01F0BD6796A45A46, previousHash=798F76590A5EA80F187411F89A5C1A2C7A9553DF8E25D22F01F0BD6796A45A46, shouldWrite=False
[7865.624] DEBUG 171 [CodeGenerator] Task fileName=Variables, filePath=Assets/TroubleCatStudios/Noir.Autogenerated/Variables.cs, namespace=Noir.Autogenerated, hash=E3B0C44298FC1C149AFBF4C8996FB92427AE41E4649B934CA495991B7852B855, previousHash=E3B0C44298FC1C149AFBF4C8996FB92427AE41E4649B934CA495991B7852B855, shouldWrite=False
[7865.625] INFO 171 [DefaultCodeGenerationHandler] Start Time: 3/23/2025 8:42:52 AM
Duration: 0.0184786

[7878.028] DEBUG 171 [CodeGenerator] Task fileName=Tags, filePath=Assets/TroubleCatStudios/Noir.Autogenerated/Tags.cs, namespace=Noir.Autogenerated, hash=52BB564DC4B008E8F0131A77DD13B6FC86E39320A3C5DA53280446AEE2A29686, previousHash=52BB564DC4B008E8F0131A77DD13B6FC86E39320A3C5DA53280446AEE2A29686, shouldWrite=False
[7878.029] DEBUG 171 [CodeGenerator] Task fileName=Layers, filePath=Assets/TroubleCatStudios/Noir.Autogenerated/Layers.cs, namespace=Noir.Autogenerated, hash=62584A87F69B65DCD66D198D332C91C503903254DBBA4D6618F92CD980BE129F, previousHash=62584A87F69B65DCD66D198D332C91C503903254DBBA4D6618F92CD980BE129F, shouldWrite=False
[7878.031] DEBUG 171 [CodeGenerator] Task fileName=Scenes, filePath=Assets/TroubleCatStudios/Noir.Autogenerated/Scenes.cs, namespace=Noir.Autogenerated, hash=9311D3C5F9D1D800C18C5ED568179BF9E15B93C1750A5E80339253911F49F827, previousHash=9311D3C5F9D1D800C18C5ED568179BF9E15B93C1750A5E80339253911F49F827, shouldWrite=False
[7878.033] DEBUG 171 [CodeGenerator] Task fileName=SortingLayers, filePath=Assets/TroubleCatStudios/Noir.Autogenerated/SortingLayers.cs, namespace=Noir.Autogenerated, hash=798F76590A5EA80F187411F89A5C1A2C7A9553DF8E25D22F01F0BD6796A45A46, previousHash=798F76590A5EA80F187411F89A5C1A2C7A9553DF8E25D22F01F0BD6796A45A46, shouldWrite=False
[7878.035] DEBUG 171 [CodeGenerator] Task fileName=Variables, filePath=Assets/TroubleCatStudios/Noir.Autogenerated/Variables.cs, namespace=Noir.Autogenerated, hash=E3B0C44298FC1C149AFBF4C8996FB92427AE41E4649B934CA495991B7852B855, previousHash=E3B0C44298FC1C149AFBF4C8996FB92427AE41E4649B934CA495991B7852B855, shouldWrite=False
[7878.037] INFO 171 [DefaultCodeGenerationHandler] Start Time: 3/23/2025 8:43:05 AM
Duration: 0.0193632

[7886.716] DEBUG 171 [CodeGenerator] Task fileName=Tags, filePath=Assets/TroubleCatStudios/Noir.Autogenerated/Tags.cs, namespace=Noir.Autogenerated, hash=52BB564DC4B008E8F0131A77DD13B6FC86E39320A3C5DA53280446AEE2A29686, previousHash=52BB564DC4B008E8F0131A77DD13B6FC86E39320A3C5DA53280446AEE2A29686, shouldWrite=False
[7886.717] DEBUG 171 [CodeGenerator] Task fileName=Layers, filePath=Assets/TroubleCatStudios/Noir.Autogenerated/Layers.cs, namespace=Noir.Autogenerated, hash=62584A87F69B65DCD66D198D332C91C503903254DBBA4D6618F92CD980BE129F, previousHash=62584A87F69B65DCD66D198D332C91C503903254DBBA4D6618F92CD980BE129F, shouldWrite=False
[7886.719] DEBUG 171 [CodeGenerator] Task fileName=Scenes, filePath=Assets/TroubleCatStudios/Noir.Autogenerated/Scenes.cs, namespace=Noir.Autogenerated, hash=9311D3C5F9D1D800C18C5ED568179BF9E15B93C1750A5E80339253911F49F827, previousHash=9311D3C5F9D1D800C18C5ED568179BF9E15B93C1750A5E80339253911F49F827, shouldWrite=False
[7886.721] DEBUG 171 [CodeGenerator] Task fileName=SortingLayers, filePath=Assets/TroubleCatStudios/Noir.Autogenerated/SortingLayers.cs, namespace=Noir.Autogenerated, hash=798F76590A5EA80F187411F89A5C1A2C7A9553DF8E25D22F01F0BD6796A45A46, previousHash=798F76590A5EA80F187411F89A5C1A2C7A9553DF8E25D22F01F0BD6796A45A46, shouldWrite=False
[7886.724] DEBUG 171 [CodeGenerator] Task fileName=Variables, filePath=Assets/TroubleCatStudios/Noir.Autogenerated/Variables.cs, namespace=Noir.Autogenerated, hash=E3B0C44298FC1C149AFBF4C8996FB92427AE41E4649B934CA495991B7852B855, previousHash=E3B0C44298FC1C149AFBF4C8996FB92427AE41E4649B934CA495991B7852B855, shouldWrite=False
[7886.726] INFO 171 [DefaultCodeGenerationHandler] Start Time: 3/23/2025 8:43:13 AM
Duration: 0.0200204

[7898.091] DEBUG 171 [CodeGenerator] Task fileName=Tags, filePath=Assets/TroubleCatStudios/Noir.Autogenerated/Tags.cs, namespace=Noir.Autogenerated, hash=52BB564DC4B008E8F0131A77DD13B6FC86E39320A3C5DA53280446AEE2A29686, previousHash=52BB564DC4B008E8F0131A77DD13B6FC86E39320A3C5DA53280446AEE2A29686, shouldWrite=False
[7898.092] DEBUG 171 [CodeGenerator] Task fileName=Layers, filePath=Assets/TroubleCatStudios/Noir.Autogenerated/Layers.cs, namespace=Noir.Autogenerated, hash=62584A87F69B65DCD66D198D332C91C503903254DBBA4D6618F92CD980BE129F, previousHash=62584A87F69B65DCD66D198D332C91C503903254DBBA4D6618F92CD980BE129F, shouldWrite=False
[7898.094] DEBUG 171 [CodeGenerator] Task fileName=Scenes, filePath=Assets/TroubleCatStudios/Noir.Autogenerated/Scenes.cs, namespace=Noir.Autogenerated, hash=9311D3C5F9D1D800C18C5ED568179BF9E15B93C1750A5E80339253911F49F827, previousHash=9311D3C5F9D1D800C18C5ED568179BF9E15B93C1750A5E80339253911F49F827, shouldWrite=False
[7898.095] DEBUG 171 [CodeGenerator] Task fileName=SortingLayers, filePath=Assets/TroubleCatStudios/Noir.Autogenerated/SortingLayers.cs, namespace=Noir.Autogenerated, hash=798F76590A5EA80F187411F89A5C1A2C7A9553DF8E25D22F01F0BD6796A45A46, previousHash=798F76590A5EA80F187411F89A5C1A2C7A9553DF8E25D22F01F0BD6796A45A46, shouldWrite=False
[7898.097] DEBUG 171 [CodeGenerator] Task fileName=Variables, filePath=Assets/TroubleCatStudios/Noir.Autogenerated/Variables.cs, namespace=Noir.Autogenerated, hash=E3B0C44298FC1C149AFBF4C8996FB92427AE41E4649B934CA495991B7852B855, previousHash=E3B0C44298FC1C149AFBF4C8996FB92427AE41E4649B934CA495991B7852B855, shouldWrite=False
[7898.099] INFO 171 [DefaultCodeGenerationHandler] Start Time: 3/23/2025 8:43:25 AM
Duration: 0.017885

[7935.623] DEBUG 171 [CodeGenerator] Task fileName=Tags, filePath=Assets/TroubleCatStudios/Noir.Autogenerated/Tags.cs, namespace=Noir.Autogenerated, hash=52BB564DC4B008E8F0131A77DD13B6FC86E39320A3C5DA53280446AEE2A29686, previousHash=52BB564DC4B008E8F0131A77DD13B6FC86E39320A3C5DA53280446AEE2A29686, shouldWrite=False
[7935.625] DEBUG 171 [CodeGenerator] Task fileName=Layers, filePath=Assets/TroubleCatStudios/Noir.Autogenerated/Layers.cs, namespace=Noir.Autogenerated, hash=62584A87F69B65DCD66D198D332C91C503903254DBBA4D6618F92CD980BE129F, previousHash=62584A87F69B65DCD66D198D332C91C503903254DBBA4D6618F92CD980BE129F, shouldWrite=False
[7935.625] DEBUG 171 [CodeGenerator] Task fileName=Scenes, filePath=Assets/TroubleCatStudios/Noir.Autogenerated/Scenes.cs, namespace=Noir.Autogenerated, hash=9311D3C5F9D1D800C18C5ED568179BF9E15B93C1750A5E80339253911F49F827, previousHash=9311D3C5F9D1D800C18C5ED568179BF9E15B93C1750A5E80339253911F49F827, shouldWrite=False
[7935.627] DEBUG 171 [CodeGenerator] Task fileName=SortingLayers, filePath=Assets/TroubleCatStudios/Noir.Autogenerated/SortingLayers.cs, namespace=Noir.Autogenerated, hash=798F76590A5EA80F187411F89A5C1A2C7A9553DF8E25D22F01F0BD6796A45A46, previousHash=798F76590A5EA80F187411F89A5C1A2C7A9553DF8E25D22F01F0BD6796A45A46, shouldWrite=False
[7935.63] DEBUG 171 [CodeGenerator] Task fileName=Variables, filePath=Assets/TroubleCatStudios/Noir.Autogenerated/Variables.cs, namespace=Noir.Autogenerated, hash=E3B0C44298FC1C149AFBF4C8996FB92427AE41E4649B934CA495991B7852B855, previousHash=E3B0C44298FC1C149AFBF4C8996FB92427AE41E4649B934CA495991B7852B855, shouldWrite=False
[7935.632] INFO 171 [DefaultCodeGenerationHandler] Start Time: 3/23/2025 8:44:02 AM
Duration: 0.01927

[7977.503] DEBUG 171 [CodeGenerator] Task fileName=Tags, filePath=Assets/TroubleCatStudios/Noir.Autogenerated/Tags.cs, namespace=Noir.Autogenerated, hash=52BB564DC4B008E8F0131A77DD13B6FC86E39320A3C5DA53280446AEE2A29686, previousHash=52BB564DC4B008E8F0131A77DD13B6FC86E39320A3C5DA53280446AEE2A29686, shouldWrite=False
[7977.504] DEBUG 171 [CodeGenerator] Task fileName=Layers, filePath=Assets/TroubleCatStudios/Noir.Autogenerated/Layers.cs, namespace=Noir.Autogenerated, hash=62584A87F69B65DCD66D198D332C91C503903254DBBA4D6618F92CD980BE129F, previousHash=62584A87F69B65DCD66D198D332C91C503903254DBBA4D6618F92CD980BE129F, shouldWrite=False
[7977.506] DEBUG 171 [CodeGenerator] Task fileName=Scenes, filePath=Assets/TroubleCatStudios/Noir.Autogenerated/Scenes.cs, namespace=Noir.Autogenerated, hash=9311D3C5F9D1D800C18C5ED568179BF9E15B93C1750A5E80339253911F49F827, previousHash=9311D3C5F9D1D800C18C5ED568179BF9E15B93C1750A5E80339253911F49F827, shouldWrite=False
[7977.508] DEBUG 171 [CodeGenerator] Task fileName=SortingLayers, filePath=Assets/TroubleCatStudios/Noir.Autogenerated/SortingLayers.cs, namespace=Noir.Autogenerated, hash=798F76590A5EA80F187411F89A5C1A2C7A9553DF8E25D22F01F0BD6796A45A46, previousHash=798F76590A5EA80F187411F89A5C1A2C7A9553DF8E25D22F01F0BD6796A45A46, shouldWrite=False
[7977.51] DEBUG 171 [CodeGenerator] Task fileName=Variables, filePath=Assets/TroubleCatStudios/Noir.Autogenerated/Variables.cs, namespace=Noir.Autogenerated, hash=E3B0C44298FC1C149AFBF4C8996FB92427AE41E4649B934CA495991B7852B855, previousHash=E3B0C44298FC1C149AFBF4C8996FB92427AE41E4649B934CA495991B7852B855, shouldWrite=False
[7977.511] INFO 171 [DefaultCodeGenerationHandler] Start Time: 3/23/2025 8:44:44 AM
Duration: 0.0180392

[7991.729] DEBUG 171 [CodeGenerator] Task fileName=Tags, filePath=Assets/TroubleCatStudios/Noir.Autogenerated/Tags.cs, namespace=Noir.Autogenerated, hash=52BB564DC4B008E8F0131A77DD13B6FC86E39320A3C5DA53280446AEE2A29686, previousHash=52BB564DC4B008E8F0131A77DD13B6FC86E39320A3C5DA53280446AEE2A29686, shouldWrite=False
[7991.73] DEBUG 171 [CodeGenerator] Task fileName=Layers, filePath=Assets/TroubleCatStudios/Noir.Autogenerated/Layers.cs, namespace=Noir.Autogenerated, hash=62584A87F69B65DCD66D198D332C91C503903254DBBA4D6618F92CD980BE129F, previousHash=62584A87F69B65DCD66D198D332C91C503903254DBBA4D6618F92CD980BE129F, shouldWrite=False
[7991.731] DEBUG 171 [CodeGenerator] Task fileName=Scenes, filePath=Assets/TroubleCatStudios/Noir.Autogenerated/Scenes.cs, namespace=Noir.Autogenerated, hash=9311D3C5F9D1D800C18C5ED568179BF9E15B93C1750A5E80339253911F49F827, previousHash=9311D3C5F9D1D800C18C5ED568179BF9E15B93C1750A5E80339253911F49F827, shouldWrite=False
[7991.733] DEBUG 171 [CodeGenerator] Task fileName=SortingLayers, filePath=Assets/TroubleCatStudios/Noir.Autogenerated/SortingLayers.cs, namespace=Noir.Autogenerated, hash=798F76590A5EA80F187411F89A5C1A2C7A9553DF8E25D22F01F0BD6796A45A46, previousHash=798F76590A5EA80F187411F89A5C1A2C7A9553DF8E25D22F01F0BD6796A45A46, shouldWrite=False
[7991.735] DEBUG 171 [CodeGenerator] Task fileName=Variables, filePath=Assets/TroubleCatStudios/Noir.Autogenerated/Variables.cs, namespace=Noir.Autogenerated, hash=E3B0C44298FC1C149AFBF4C8996FB92427AE41E4649B934CA495991B7852B855, previousHash=E3B0C44298FC1C149AFBF4C8996FB92427AE41E4649B934CA495991B7852B855, shouldWrite=False
[7991.737] INFO 171 [DefaultCodeGenerationHandler] Start Time: 3/23/2025 8:44:58 AM
Duration: 0.0179429

[7997.813] DEBUG 171 [CodeGenerator] Task fileName=Tags, filePath=Assets/TroubleCatStudios/Noir.Autogenerated/Tags.cs, namespace=Noir.Autogenerated, hash=52BB564DC4B008E8F0131A77DD13B6FC86E39320A3C5DA53280446AEE2A29686, previousHash=52BB564DC4B008E8F0131A77DD13B6FC86E39320A3C5DA53280446AEE2A29686, shouldWrite=False
[7997.815] DEBUG 171 [CodeGenerator] Task fileName=Layers, filePath=Assets/TroubleCatStudios/Noir.Autogenerated/Layers.cs, namespace=Noir.Autogenerated, hash=62584A87F69B65DCD66D198D332C91C503903254DBBA4D6618F92CD980BE129F, previousHash=62584A87F69B65DCD66D198D332C91C503903254DBBA4D6618F92CD980BE129F, shouldWrite=False
[7997.817] DEBUG 171 [CodeGenerator] Task fileName=Scenes, filePath=Assets/TroubleCatStudios/Noir.Autogenerated/Scenes.cs, namespace=Noir.Autogenerated, hash=9311D3C5F9D1D800C18C5ED568179BF9E15B93C1750A5E80339253911F49F827, previousHash=9311D3C5F9D1D800C18C5ED568179BF9E15B93C1750A5E80339253911F49F827, shouldWrite=False
[7997.818] DEBUG 171 [CodeGenerator] Task fileName=SortingLayers, filePath=Assets/TroubleCatStudios/Noir.Autogenerated/SortingLayers.cs, namespace=Noir.Autogenerated, hash=798F76590A5EA80F187411F89A5C1A2C7A9553DF8E25D22F01F0BD6796A45A46, previousHash=798F76590A5EA80F187411F89A5C1A2C7A9553DF8E25D22F01F0BD6796A45A46, shouldWrite=False
[7997.821] DEBUG 171 [CodeGenerator] Task fileName=Variables, filePath=Assets/TroubleCatStudios/Noir.Autogenerated/Variables.cs, namespace=Noir.Autogenerated, hash=E3B0C44298FC1C149AFBF4C8996FB92427AE41E4649B934CA495991B7852B855, previousHash=E3B0C44298FC1C149AFBF4C8996FB92427AE41E4649B934CA495991B7852B855, shouldWrite=False
[7997.822] INFO 171 [DefaultCodeGenerationHandler] Start Time: 3/23/2025 8:45:04 AM
Duration: 0.0197692

[8071.472] DEBUG 171 [CodeGenerator] Task fileName=Tags, filePath=Assets/TroubleCatStudios/Noir.Autogenerated/Tags.cs, namespace=Noir.Autogenerated, hash=52BB564DC4B008E8F0131A77DD13B6FC86E39320A3C5DA53280446AEE2A29686, previousHash=52BB564DC4B008E8F0131A77DD13B6FC86E39320A3C5DA53280446AEE2A29686, shouldWrite=False
[8071.473] DEBUG 171 [CodeGenerator] Task fileName=Layers, filePath=Assets/TroubleCatStudios/Noir.Autogenerated/Layers.cs, namespace=Noir.Autogenerated, hash=62584A87F69B65DCD66D198D332C91C503903254DBBA4D6618F92CD980BE129F, previousHash=62584A87F69B65DCD66D198D332C91C503903254DBBA4D6618F92CD980BE129F, shouldWrite=False
[8071.475] DEBUG 171 [CodeGenerator] Task fileName=Scenes, filePath=Assets/TroubleCatStudios/Noir.Autogenerated/Scenes.cs, namespace=Noir.Autogenerated, hash=9311D3C5F9D1D800C18C5ED568179BF9E15B93C1750A5E80339253911F49F827, previousHash=9311D3C5F9D1D800C18C5ED568179BF9E15B93C1750A5E80339253911F49F827, shouldWrite=False
[8071.476] DEBUG 171 [CodeGenerator] Task fileName=SortingLayers, filePath=Assets/TroubleCatStudios/Noir.Autogenerated/SortingLayers.cs, namespace=Noir.Autogenerated, hash=798F76590A5EA80F187411F89A5C1A2C7A9553DF8E25D22F01F0BD6796A45A46, previousHash=798F76590A5EA80F187411F89A5C1A2C7A9553DF8E25D22F01F0BD6796A45A46, shouldWrite=False
[8071.478] DEBUG 171 [CodeGenerator] Task fileName=Variables, filePath=Assets/TroubleCatStudios/Noir.Autogenerated/Variables.cs, namespace=Noir.Autogenerated, hash=E3B0C44298FC1C149AFBF4C8996FB92427AE41E4649B934CA495991B7852B855, previousHash=E3B0C44298FC1C149AFBF4C8996FB92427AE41E4649B934CA495991B7852B855, shouldWrite=False
[8071.48] INFO 171 [DefaultCodeGenerationHandler] Start Time: 3/23/2025 8:46:18 AM
Duration: 0.0181713

[133.3684] DEBUG 2 [CodeGenerator] Task fileName=Tags, filePath=Assets/TroubleCatStudios/Noir.Autogenerated/Tags.cs, namespace=Noir.Autogenerated, hash=52BB564DC4B008E8F0131A77DD13B6FC86E39320A3C5DA53280446AEE2A29686, previousHash=52BB564DC4B008E8F0131A77DD13B6FC86E39320A3C5DA53280446AEE2A29686, shouldWrite=False
[133.3699] DEBUG 2 [CodeGenerator] Task fileName=Layers, filePath=Assets/TroubleCatStudios/Noir.Autogenerated/Layers.cs, namespace=Noir.Autogenerated, hash=62584A87F69B65DCD66D198D332C91C503903254DBBA4D6618F92CD980BE129F, previousHash=62584A87F69B65DCD66D198D332C91C503903254DBBA4D6618F92CD980BE129F, shouldWrite=False
[133.3716] DEBUG 2 [CodeGenerator] Task fileName=Scenes, filePath=Assets/TroubleCatStudios/Noir.Autogenerated/Scenes.cs, namespace=Noir.Autogenerated, hash=9311D3C5F9D1D800C18C5ED568179BF9E15B93C1750A5E80339253911F49F827, previousHash=9311D3C5F9D1D800C18C5ED568179BF9E15B93C1750A5E80339253911F49F827, shouldWrite=False
[133.3734] DEBUG 2 [CodeGenerator] Task fileName=SortingLayers, filePath=Assets/TroubleCatStudios/Noir.Autogenerated/SortingLayers.cs, namespace=Noir.Autogenerated, hash=798F76590A5EA80F187411F89A5C1A2C7A9553DF8E25D22F01F0BD6796A45A46, previousHash=798F76590A5EA80F187411F89A5C1A2C7A9553DF8E25D22F01F0BD6796A45A46, shouldWrite=False
[133.3757] DEBUG 2 [CodeGenerator] Task fileName=Variables, filePath=Assets/TroubleCatStudios/Noir.Autogenerated/Variables.cs, namespace=Noir.Autogenerated, hash=E3B0C44298FC1C149AFBF4C8996FB92427AE41E4649B934CA495991B7852B855, previousHash=E3B0C44298FC1C149AFBF4C8996FB92427AE41E4649B934CA495991B7852B855, shouldWrite=False
[133.3778] INFO 2 [DefaultCodeGenerationHandler] Start Time: 3/23/2025 8:48:41 AM
Duration: 0.0206348

[320.8563] DEBUG 2 [CodeGenerator] Task fileName=Tags, filePath=Assets/TroubleCatStudios/Noir.Autogenerated/Tags.cs, namespace=Noir.Autogenerated, hash=52BB564DC4B008E8F0131A77DD13B6FC86E39320A3C5DA53280446AEE2A29686, previousHash=52BB564DC4B008E8F0131A77DD13B6FC86E39320A3C5DA53280446AEE2A29686, shouldWrite=False
[320.8579] DEBUG 2 [CodeGenerator] Task fileName=Layers, filePath=Assets/TroubleCatStudios/Noir.Autogenerated/Layers.cs, namespace=Noir.Autogenerated, hash=62584A87F69B65DCD66D198D332C91C503903254DBBA4D6618F92CD980BE129F, previousHash=62584A87F69B65DCD66D198D332C91C503903254DBBA4D6618F92CD980BE129F, shouldWrite=False
[320.8596] DEBUG 2 [CodeGenerator] Task fileName=Scenes, filePath=Assets/TroubleCatStudios/Noir.Autogenerated/Scenes.cs, namespace=Noir.Autogenerated, hash=9311D3C5F9D1D800C18C5ED568179BF9E15B93C1750A5E80339253911F49F827, previousHash=9311D3C5F9D1D800C18C5ED568179BF9E15B93C1750A5E80339253911F49F827, shouldWrite=False
[320.8614] DEBUG 2 [CodeGenerator] Task fileName=SortingLayers, filePath=Assets/TroubleCatStudios/Noir.Autogenerated/SortingLayers.cs, namespace=Noir.Autogenerated, hash=798F76590A5EA80F187411F89A5C1A2C7A9553DF8E25D22F01F0BD6796A45A46, previousHash=798F76590A5EA80F187411F89A5C1A2C7A9553DF8E25D22F01F0BD6796A45A46, shouldWrite=False
[320.8635] DEBUG 2 [CodeGenerator] Task fileName=Variables, filePath=Assets/TroubleCatStudios/Noir.Autogenerated/Variables.cs, namespace=Noir.Autogenerated, hash=E3B0C44298FC1C149AFBF4C8996FB92427AE41E4649B934CA495991B7852B855, previousHash=E3B0C44298FC1C149AFBF4C8996FB92427AE41E4649B934CA495991B7852B855, shouldWrite=False
[320.8653] INFO 2 [DefaultCodeGenerationHandler] Start Time: 3/23/2025 8:51:49 AM
Duration: 0.0198617

[329.6877] DEBUG 2 [CodeGenerator] Task fileName=Tags, filePath=Assets/TroubleCatStudios/Noir.Autogenerated/Tags.cs, namespace=Noir.Autogenerated, hash=52BB564DC4B008E8F0131A77DD13B6FC86E39320A3C5DA53280446AEE2A29686, previousHash=52BB564DC4B008E8F0131A77DD13B6FC86E39320A3C5DA53280446AEE2A29686, shouldWrite=False
[329.6888] DEBUG 2 [CodeGenerator] Task fileName=Layers, filePath=Assets/TroubleCatStudios/Noir.Autogenerated/Layers.cs, namespace=Noir.Autogenerated, hash=62584A87F69B65DCD66D198D332C91C503903254DBBA4D6618F92CD980BE129F, previousHash=62584A87F69B65DCD66D198D332C91C503903254DBBA4D6618F92CD980BE129F, shouldWrite=False
[329.6902] DEBUG 2 [CodeGenerator] Task fileName=Scenes, filePath=Assets/TroubleCatStudios/Noir.Autogenerated/Scenes.cs, namespace=Noir.Autogenerated, hash=9311D3C5F9D1D800C18C5ED568179BF9E15B93C1750A5E80339253911F49F827, previousHash=9311D3C5F9D1D800C18C5ED568179BF9E15B93C1750A5E80339253911F49F827, shouldWrite=False
[329.6918] DEBUG 2 [CodeGenerator] Task fileName=SortingLayers, filePath=Assets/TroubleCatStudios/Noir.Autogenerated/SortingLayers.cs, namespace=Noir.Autogenerated, hash=798F76590A5EA80F187411F89A5C1A2C7A9553DF8E25D22F01F0BD6796A45A46, previousHash=798F76590A5EA80F187411F89A5C1A2C7A9553DF8E25D22F01F0BD6796A45A46, shouldWrite=False
[329.694] DEBUG 2 [CodeGenerator] Task fileName=Variables, filePath=Assets/TroubleCatStudios/Noir.Autogenerated/Variables.cs, namespace=Noir.Autogenerated, hash=E3B0C44298FC1C149AFBF4C8996FB92427AE41E4649B934CA495991B7852B855, previousHash=E3B0C44298FC1C149AFBF4C8996FB92427AE41E4649B934CA495991B7852B855, shouldWrite=False
[329.6958] INFO 2 [DefaultCodeGenerationHandler] Start Time: 3/23/2025 8:51:58 AM
Duration: 0.0180533

[359.0583] DEBUG 2 [CodeGenerator] Task fileName=Tags, filePath=Assets/TroubleCatStudios/Noir.Autogenerated/Tags.cs, namespace=Noir.Autogenerated, hash=52BB564DC4B008E8F0131A77DD13B6FC86E39320A3C5DA53280446AEE2A29686, previousHash=52BB564DC4B008E8F0131A77DD13B6FC86E39320A3C5DA53280446AEE2A29686, shouldWrite=False
[359.0597] DEBUG 2 [CodeGenerator] Task fileName=Layers, filePath=Assets/TroubleCatStudios/Noir.Autogenerated/Layers.cs, namespace=Noir.Autogenerated, hash=62584A87F69B65DCD66D198D332C91C503903254DBBA4D6618F92CD980BE129F, previousHash=62584A87F69B65DCD66D198D332C91C503903254DBBA4D6618F92CD980BE129F, shouldWrite=False
[359.0612] DEBUG 2 [CodeGenerator] Task fileName=Scenes, filePath=Assets/TroubleCatStudios/Noir.Autogenerated/Scenes.cs, namespace=Noir.Autogenerated, hash=9311D3C5F9D1D800C18C5ED568179BF9E15B93C1750A5E80339253911F49F827, previousHash=9311D3C5F9D1D800C18C5ED568179BF9E15B93C1750A5E80339253911F49F827, shouldWrite=False
[359.063] DEBUG 2 [CodeGenerator] Task fileName=SortingLayers, filePath=Assets/TroubleCatStudios/Noir.Autogenerated/SortingLayers.cs, namespace=Noir.Autogenerated, hash=798F76590A5EA80F187411F89A5C1A2C7A9553DF8E25D22F01F0BD6796A45A46, previousHash=798F76590A5EA80F187411F89A5C1A2C7A9553DF8E25D22F01F0BD6796A45A46, shouldWrite=False
[359.0651] DEBUG 2 [CodeGenerator] Task fileName=Variables, filePath=Assets/TroubleCatStudios/Noir.Autogenerated/Variables.cs, namespace=Noir.Autogenerated, hash=E3B0C44298FC1C149AFBF4C8996FB92427AE41E4649B934CA495991B7852B855, previousHash=E3B0C44298FC1C149AFBF4C8996FB92427AE41E4649B934CA495991B7852B855, shouldWrite=False
[359.0671] INFO 2 [DefaultCodeGenerationHandler] Start Time: 3/23/2025 8:52:27 AM
Duration: 0.021502

[588.5213] DEBUG 2 [CodeGenerator] Task fileName=Tags, filePath=Assets/TroubleCatStudios/Noir.Autogenerated/Tags.cs, namespace=Noir.Autogenerated, hash=52BB564DC4B008E8F0131A77DD13B6FC86E39320A3C5DA53280446AEE2A29686, previousHash=52BB564DC4B008E8F0131A77DD13B6FC86E39320A3C5DA53280446AEE2A29686, shouldWrite=False
[588.5227] DEBUG 2 [CodeGenerator] Task fileName=Layers, filePath=Assets/TroubleCatStudios/Noir.Autogenerated/Layers.cs, namespace=Noir.Autogenerated, hash=62584A87F69B65DCD66D198D332C91C503903254DBBA4D6618F92CD980BE129F, previousHash=62584A87F69B65DCD66D198D332C91C503903254DBBA4D6618F92CD980BE129F, shouldWrite=False
[588.5244] DEBUG 2 [CodeGenerator] Task fileName=Scenes, filePath=Assets/TroubleCatStudios/Noir.Autogenerated/Scenes.cs, namespace=Noir.Autogenerated, hash=9311D3C5F9D1D800C18C5ED568179BF9E15B93C1750A5E80339253911F49F827, previousHash=9311D3C5F9D1D800C18C5ED568179BF9E15B93C1750A5E80339253911F49F827, shouldWrite=False
[588.5261] DEBUG 2 [CodeGenerator] Task fileName=SortingLayers, filePath=Assets/TroubleCatStudios/Noir.Autogenerated/SortingLayers.cs, namespace=Noir.Autogenerated, hash=798F76590A5EA80F187411F89A5C1A2C7A9553DF8E25D22F01F0BD6796A45A46, previousHash=798F76590A5EA80F187411F89A5C1A2C7A9553DF8E25D22F01F0BD6796A45A46, shouldWrite=False
[588.5281] DEBUG 2 [CodeGenerator] Task fileName=Variables, filePath=Assets/TroubleCatStudios/Noir.Autogenerated/Variables.cs, namespace=Noir.Autogenerated, hash=E3B0C44298FC1C149AFBF4C8996FB92427AE41E4649B934CA495991B7852B855, previousHash=E3B0C44298FC1C149AFBF4C8996FB92427AE41E4649B934CA495991B7852B855, shouldWrite=False
[588.5301] INFO 2 [DefaultCodeGenerationHandler] Start Time: 3/23/2025 8:56:17 AM
Duration: 0.019945

[745.2719] DEBUG 2 [CodeGenerator] Task fileName=Tags, filePath=Assets/TroubleCatStudios/Noir.Autogenerated/Tags.cs, namespace=Noir.Autogenerated, hash=52BB564DC4B008E8F0131A77DD13B6FC86E39320A3C5DA53280446AEE2A29686, previousHash=52BB564DC4B008E8F0131A77DD13B6FC86E39320A3C5DA53280446AEE2A29686, shouldWrite=False
[745.2731] DEBUG 2 [CodeGenerator] Task fileName=Layers, filePath=Assets/TroubleCatStudios/Noir.Autogenerated/Layers.cs, namespace=Noir.Autogenerated, hash=62584A87F69B65DCD66D198D332C91C503903254DBBA4D6618F92CD980BE129F, previousHash=62584A87F69B65DCD66D198D332C91C503903254DBBA4D6618F92CD980BE129F, shouldWrite=False
[745.2745] DEBUG 2 [CodeGenerator] Task fileName=Scenes, filePath=Assets/TroubleCatStudios/Noir.Autogenerated/Scenes.cs, namespace=Noir.Autogenerated, hash=9311D3C5F9D1D800C18C5ED568179BF9E15B93C1750A5E80339253911F49F827, previousHash=9311D3C5F9D1D800C18C5ED568179BF9E15B93C1750A5E80339253911F49F827, shouldWrite=False
[745.2762] DEBUG 2 [CodeGenerator] Task fileName=SortingLayers, filePath=Assets/TroubleCatStudios/Noir.Autogenerated/SortingLayers.cs, namespace=Noir.Autogenerated, hash=798F76590A5EA80F187411F89A5C1A2C7A9553DF8E25D22F01F0BD6796A45A46, previousHash=798F76590A5EA80F187411F89A5C1A2C7A9553DF8E25D22F01F0BD6796A45A46, shouldWrite=False
[745.2787] DEBUG 2 [CodeGenerator] Task fileName=Variables, filePath=Assets/TroubleCatStudios/Noir.Autogenerated/Variables.cs, namespace=Noir.Autogenerated, hash=E3B0C44298FC1C149AFBF4C8996FB92427AE41E4649B934CA495991B7852B855, previousHash=E3B0C44298FC1C149AFBF4C8996FB92427AE41E4649B934CA495991B7852B855, shouldWrite=False
[745.2813] INFO 2 [DefaultCodeGenerationHandler] Start Time: 3/23/2025 8:58:53 AM
Duration: 0.0199435

